<?xml version="1.0" encoding="UTF-8"?>
<!-- Generated by org.testng.reporters.JUnitXMLReporter -->
<testsuite hostname="Basavaraj" ignored="0" name="create user" tests="4" failures="0" timestamp="2022-11-28T12:45:27 IST" time="42.301" errors="0">
  <testcase name="launchBrowser" time="6.343" classname="com.practice.testngassertiondataprovider.AmazonDemo"/>
  <testcase name="navigate" time="9.612" classname="com.practice.testngassertiondataprovider.AmazonDemo"/>
  <testcase name="selectitem" time="26.178" classname="com.practice.testngassertiondataprovider.AmazonDemo"/>
  <testcase name="writedatatocsv" time="0.014" classname="com.practice.testngassertiondataprovider.AmazonDemo"/>
</testsuite> <!-- create user -->
