<?xml version="1.0" encoding="UTF-8"?>
<testng-results ignored="0" total="1" passed="1" failed="0" skipped="0">
  <reporter-output>
  </reporter-output>
  <suite started-at="2022-12-24T21:01:54 IST" name="Default suite" finished-at="2022-12-24T21:03:01 IST" duration-ms="67325">
    <groups>
    </groups>
    <test started-at="2022-12-24T21:01:54 IST" name="Default test" finished-at="2022-12-24T21:03:01 IST" duration-ms="67325">
      <class name="com.practice.testngassertiondataprovider.FlipKart">
        <test-method is-config="true" signature="setUp()[pri:0, instance:com.practice.testngassertiondataprovider.FlipKart@2a54a73f]" started-at="2022-12-24T21:01:54 IST" name="setUp" finished-at="2022-12-24T21:01:57 IST" duration-ms="3110" status="PASS">
          <reporter-output>
          </reporter-output>
        </test-method> <!-- setUp -->
        <test-method signature="testUntitled()[pri:0, instance:com.practice.testngassertiondataprovider.FlipKart@2a54a73f]" started-at="2022-12-24T21:01:57 IST" name="testUntitled" finished-at="2022-12-24T21:03:01 IST" duration-ms="63788" status="PASS">
          <reporter-output>
          </reporter-output>
        </test-method> <!-- testUntitled -->
        <test-method is-config="true" signature="tearDown()[pri:0, instance:com.practice.testngassertiondataprovider.FlipKart@2a54a73f]" started-at="2022-12-24T21:03:01 IST" name="tearDown" finished-at="2022-12-24T21:03:01 IST" duration-ms="373" status="PASS">
          <reporter-output>
          </reporter-output>
        </test-method> <!-- tearDown -->
      </class> <!-- com.practice.testngassertiondataprovider.FlipKart -->
    </test> <!-- Default test -->
  </suite> <!-- Default suite -->
</testng-results>
